<?xml version="1.0" encoding="UTF-8"?>
<!-- Generated by org.testng.reporters.JUnitXMLReporter -->
<testsuite ignored="0" hostname="DESKTOP-1T2GESH" failures="2" tests="11" name="Swag_Labs_2" time="106.732" errors="0" timestamp="2025-12-09T20:34:11 EET">
  <testcase classname="SwagLabs.testes.C_VisualUser" name="ch_CountItems" time="2.704"/>
  <testcase classname="SwagLabs.testes.C_VisualUser" name="ch_SuccessMsg" time="2.489"/>
  <testcase classname="SwagLabs.testes.C_VisualUser" name="emptyFirstNameShowsError" time="2.2"/>
  <testcase classname="SwagLabs.testes.C_VisualUser" name="emptyLastNameShowsError" time="1.644"/>
  <testcase classname="SwagLabs.testes.C_VisualUser" name="emptyPostalCodeShowsError" time="1.79"/>
  <testcase classname="SwagLabs.testes.C_VisualUser" name="emptyFieldShowsError" time="1.96"/>
  <testcase classname="SwagLabs.testes.C_VisualUser" name="spacesInFieldShowsError" time="11.952">
    <failure type="org.openqa.selenium.TimeoutException" message="Expected condition failed: waiting for visibility of element located by By.className: error-message-container (tried for 10 second(s) with 500 milliseconds interval)
Build info: version: &amp;apos;4.26.0&amp;apos;, revision: &amp;apos;8ccf0219d7&amp;apos;
System info: os.name: &amp;apos;Windows 11&amp;apos;, os.arch: &amp;apos;amd64&amp;apos;, os.version: &amp;apos;10.0&amp;apos;, java.version: &amp;apos;24.0.2&amp;apos;
Driver info: org.openqa.selenium.chrome.ChromeDriver
Capabilities {acceptInsecureCerts: false, browserName: chrome, browserVersion: 142.0.7444.176, chrome: {chromedriverVersion: 142.0.7444.175 (302067f14a4..., userDataDir: C:\Users\Lenovo\AppData\Loc...}, fedcm:accounts: true, goog:chromeOptions: {debuggerAddress: localhost:62376}, goog:processID: 21200, networkConnectionEnabled: false, pageLoadStrategy: normal, platformName: windows, proxy: Proxy(), se:cdp: ws://localhost:62376/devtoo..., se:cdpVersion: 142.0.7444.176, setWindowRect: true, strictFileInteractability: false, timeouts: {implicit: 0, pageLoad: 300000, script: 30000}, unhandledPromptBehavior: dismiss and notify, webauthn:extension:credBlob: true, webauthn:extension:largeBlob: true, webauthn:extension:minPinLength: true, webauthn:extension:prf: true, webauthn:virtualAuthenticators: true}
Session ID: 62f7bd494b7dfa703400984ded12a1cf">
      <![CDATA[org.openqa.selenium.TimeoutException: Expected condition failed: waiting for visibility of element located by By.className: error-message-container (tried for 10 second(s) with 500 milliseconds interval)
Build info: version: '4.26.0', revision: '8ccf0219d7'
System info: os.name: 'Windows 11', os.arch: 'amd64', os.version: '10.0', java.version: '24.0.2'
Driver info: org.openqa.selenium.chrome.ChromeDriver
Capabilities {acceptInsecureCerts: false, browserName: chrome, browserVersion: 142.0.7444.176, chrome: {chromedriverVersion: 142.0.7444.175 (302067f14a4..., userDataDir: C:\Users\Lenovo\AppData\Loc...}, fedcm:accounts: true, goog:chromeOptions: {debuggerAddress: localhost:62376}, goog:processID: 21200, networkConnectionEnabled: false, pageLoadStrategy: normal, platformName: windows, proxy: Proxy(), se:cdp: ws://localhost:62376/devtoo..., se:cdpVersion: 142.0.7444.176, setWindowRect: true, strictFileInteractability: false, timeouts: {implicit: 0, pageLoad: 300000, script: 30000}, unhandledPromptBehavior: dismiss and notify, webauthn:extension:credBlob: true, webauthn:extension:largeBlob: true, webauthn:extension:minPinLength: true, webauthn:extension:prf: true, webauthn:virtualAuthenticators: true}
Session ID: 62f7bd494b7dfa703400984ded12a1cf
at org.openqa.selenium.support.ui.WebDriverWait.timeoutException(WebDriverWait.java:84)
at org.openqa.selenium.support.ui.FluentWait.until(FluentWait.java:228)
at SwagLabs.utils.waits.waitForElementvisible(waits.java:15)
at SwagLabs.utils.ElementActions.getText(ElementActions.java:23)
at SwagLabs.pages.CheckOutPage.getMsg(CheckOutPage.java:48)
at SwagLabs.testes.C_VisualUser.spacesInFieldShowsError(C_VisualUser.java:76)
at java.base/java.util.ArrayList.forEach(ArrayList.java:1604)
at com.intellij.rt.testng.IDEARemoteTestNG.run(IDEARemoteTestNG.java:65)
at com.intellij.rt.testng.RemoteTestNGStarter.main(RemoteTestNGStarter.java:105)
... Removed 22 stack frames]]>
    </failure>
  </testcase> <!-- spacesInFieldShowsError -->
  <testcase classname="SwagLabs.testes.C_VisualUser" name="itemNameShowsError" time="1.566"/>
  <testcase classname="SwagLabs.testes.C_VisualUser" name="itemPriceShowsError" time="1.405"/>
  <testcase classname="SwagLabs.testes.C_VisualUser" name="cancelButtonShowsError" time="0.831">
    <failure type="java.lang.AssertionError" message="expected [https://www.saucedemo.com/inventory.html] but found [https://www.saucedemo.com/cart.html]">
      <![CDATA[java.lang.AssertionError: expected [https://www.saucedemo.com/inventory.html] but found [https://www.saucedemo.com/cart.html]
at SwagLabs.testes.C_VisualUser.cancelButtonShowsError(C_VisualUser.java:95)
at java.base/java.util.ArrayList.forEach(ArrayList.java:1604)
at com.intellij.rt.testng.IDEARemoteTestNG.run(IDEARemoteTestNG.java:65)
at com.intellij.rt.testng.RemoteTestNGStarter.main(RemoteTestNGStarter.java:105)
... Removed 28 stack frames]]>
    </failure>
  </testcase> <!-- cancelButtonShowsError -->
  <testcase classname="SwagLabs.testes.C_VisualUser" name="CartBtn_navigate" time="2.176"/>
</testsuite> <!-- Swag_Labs_2 -->
