<?xml version="1.0" encoding="UTF-8"?>
<!-- Generated by org.testng.reporters.JUnitReportReporter -->
<testsuite hostname="DESKTOP-1T2GESH" failures="1" tests="8" name="SwagLabs.CartPage.S_PerformanceUser" time="98.599" errors="0" timestamp="2025-12-09T18:49:30 EET" skipped="0">
  <testcase classname="SwagLabs.CartPage.S_PerformanceUser" name="navigateToCartTest" time="10.696"/>
  <testcase classname="SwagLabs.CartPage.S_PerformanceUser" name="titleOfCartTest" time="9.492"/>
  <testcase classname="SwagLabs.CartPage.S_PerformanceUser" name="itemCountOfCartTest" time="9.680"/>
  <testcase classname="SwagLabs.CartPage.S_PerformanceUser" name="clickOnEmptyCartTest" time="9.677">
    <failure message="expected [https://www.saucedemo.com/inventory.html] but found [https://www.saucedemo.com/cart.html]" type="java.lang.AssertionError">
      <![CDATA[java.lang.AssertionError: expected [https://www.saucedemo.com/inventory.html] but found [https://www.saucedemo.com/cart.html]
at org.testng.Assert.fail(Assert.java:111)
at org.testng.Assert.failNotEquals(Assert.java:1590)
at org.testng.Assert.assertEqualsImpl(Assert.java:150)
at org.testng.Assert.assertEquals(Assert.java:132)
at org.testng.Assert.assertEquals(Assert.java:656)
at org.testng.Assert.assertEquals(Assert.java:666)
at SwagLabs.CartPage.S_PerformanceUser.clickOnEmptyCartTest(S_PerformanceUser.java:75)
at java.base/jdk.internal.reflect.DirectMethodHandleAccessor.invoke(DirectMethodHandleAccessor.java:104)
at java.base/java.lang.reflect.Method.invoke(Method.java:565)
at org.testng.internal.invokers.MethodInvocationHelper.invokeMethod(MethodInvocationHelper.java:141)
at org.testng.internal.invokers.TestInvoker.invokeMethod(TestInvoker.java:687)
at org.testng.internal.invokers.TestInvoker.invokeTestMethod(TestInvoker.java:230)
at org.testng.internal.invokers.MethodRunner.runInSequence(MethodRunner.java:63)
at org.testng.internal.invokers.TestInvoker$MethodInvocationAgent.invoke(TestInvoker.java:995)
at org.testng.internal.invokers.TestInvoker.invokeTestMethods(TestInvoker.java:203)
at org.testng.internal.invokers.TestMethodWorker.invokeTestMethods(TestMethodWorker.java:154)
at org.testng.internal.invokers.TestMethodWorker.run(TestMethodWorker.java:134)
at java.base/java.util.ArrayList.forEach(ArrayList.java:1604)
at org.testng.TestRunner.privateRun(TestRunner.java:741)
at org.testng.TestRunner.run(TestRunner.java:616)
at org.testng.SuiteRunner.runTest(SuiteRunner.java:421)
at org.testng.SuiteRunner.runSequentially(SuiteRunner.java:413)
at org.testng.SuiteRunner.privateRun(SuiteRunner.java:373)
at org.testng.SuiteRunner.run(SuiteRunner.java:312)
at org.testng.SuiteRunnerWorker.runSuite(SuiteRunnerWorker.java:52)
at org.testng.SuiteRunnerWorker.run(SuiteRunnerWorker.java:95)
at org.testng.TestNG.runSuitesSequentially(TestNG.java:1274)
at org.testng.TestNG.runSuitesLocally(TestNG.java:1208)
at org.testng.TestNG.runSuites(TestNG.java:1112)
at org.testng.TestNG.run(TestNG.java:1079)
at com.intellij.rt.testng.IDEARemoteTestNG.run(IDEARemoteTestNG.java:65)
at com.intellij.rt.testng.RemoteTestNGStarter.main(RemoteTestNGStarter.java:105)
]]>
    </failure>
  </testcase> <!-- clickOnEmptyCartTest -->
  <testcase classname="SwagLabs.CartPage.S_PerformanceUser" name="checkCartItemsTest" time="8.849"/>
  <testcase classname="SwagLabs.CartPage.S_PerformanceUser" name="countAfterRemoveTest" time="20.006"/>
  <testcase classname="SwagLabs.CartPage.S_PerformanceUser" name="checkCartItemsAfterUpdateTest" time="20.364"/>
  <testcase classname="SwagLabs.CartPage.S_PerformanceUser" name="navigateToCartDirectly" time="9.835"/>
</testsuite> <!-- SwagLabs.CartPage.S_PerformanceUser -->
